commit 144f87a1e180b5415f85a541f465248303166063
Author: bellarusso <Irusso1@my.westga.edu>
Date:   Sun Aug 24 16:07:06 2025 -0400

    removed /tmp

commit 8654fc089300a755e7933fcaebd92812423c5197
Author: bellarusso <Irusso1@my.westga.edu>
Date:   Sun Aug 24 16:06:19 2025 -0400

    initial commit

commit 6b256dd3b34d3fba9e84604df163cb2e6999cebe
Author: bellarusso <Irusso1@my.westga.edu>
Date:   Sun Aug 24 16:01:25 2025 -0400

    initial commit of code

commit 8afb944032c954c722f86ecfc2de372766f645a9
Author: bellarusso <Irusso1@my.westga.edu>
Date:   Sun Aug 24 15:39:34 2025 -0400

    new file

commit b91a01da78394b728d8568607757554bfc8ae33c
Author: bellarusso <Irusso1@my.westga.edu>
Date:   Sun Aug 24 15:36:58 2025 -0400

    rename header

commit 64ab5c1c7d2441815a98ba7f180722cb7fb6c554
Author: bellarusso <Irusso1@my.westga.edu>
Date:   Sun Aug 24 15:33:03 2025 -0400

    ---

commit 6b7b3000ed0741de77e05d0968f5e75e260c6baa
Author: bellarusso <Irusso1@my.westga.edu>
Date:   Sun Aug 24 15:30:49 2025 -0400

    test

commit 748ba4294da4fa6a6fff3dba385206b473213802
Author: bellarusso <Irusso1@my.westga.edu>
Date:   Thu Aug 21 13:41:16 2025 -0400

    Add files via upload

commit 508f70c88f4b10f04428f13cc963a19bed01d553
Author: bellarusso <Irusso1@my.westga.edu>
Date:   Thu Aug 21 12:13:48 2025 -0400

    Initial commit
